{"/home/matheusr42/Documents/projects/vtexio-utils/src/index.ts": {"path":"/home/matheusr42/Documents/projects/vtexio-utils/src/index.ts","all":false,"statementMap":{"0":{"start":{"line":1,"column":0},"end":{"line":1,"column":35}},"1":{"start":{"line":2,"column":0},"end":{"line":2,"column":25}},"2":{"start":{"line":3,"column":0},"end":{"line":3,"column":1}}},"s":{"0":1,"1":2,"2":2},"branchMap":{"0":{"type":"branch","line":1,"loc":{"start":{"line":1,"column":15},"end":{"line":3,"column":1}},"locations":[{"start":{"line":1,"column":15},"end":{"line":3,"column":1}}]},"1":{"type":"branch","line":1,"loc":{"start":{"line":1,"column":16},"end":{"line":1,"column":35}},"locations":[{"start":{"line":1,"column":16},"end":{"line":1,"column":35}}]}},"b":{"0":[2],"1":[1]},"fnMap":{},"f":{}}
}
